[2025-01-18 05:56:05,432] INFO [ControllerEventThread controllerId=0] Starting (kafka.controller.ControllerEventManager$ControllerEventThread)
[2025-01-18 05:56:05,453] INFO [Controller id=0] 0 successfully elected as the controller. Epoch incremented to 3 and epoch zk version is now 3 (kafka.controller.KafkaController)
[2025-01-18 05:56:05,456] INFO [Controller id=0] Registering handlers (kafka.controller.KafkaController)
[2025-01-18 05:56:05,459] INFO [Controller id=0] Deleting log dir event notifications (kafka.controller.KafkaController)
[2025-01-18 05:56:05,463] INFO [Controller id=0] Deleting isr change notifications (kafka.controller.KafkaController)
[2025-01-18 05:56:05,466] INFO [Controller id=0] Initializing controller context (kafka.controller.KafkaController)
[2025-01-18 05:56:05,481] INFO [Controller id=0] Initialized broker epochs cache: HashMap(0 -> 82) (kafka.controller.KafkaController)
[2025-01-18 05:56:05,489] DEBUG [Controller id=0] Register BrokerModifications handler for Set(0) (kafka.controller.KafkaController)
[2025-01-18 05:56:05,495] DEBUG [Channel manager on controller 0]: Controller 0 trying to connect to broker 0 (kafka.controller.ControllerChannelManager)
[2025-01-18 05:56:05,500] INFO [RequestSendThread controllerId=0] Starting (kafka.controller.RequestSendThread)
[2025-01-18 05:56:05,502] INFO [Controller id=0] Currently active brokers in the cluster: Set(0) (kafka.controller.KafkaController)
[2025-01-18 05:56:05,502] INFO [Controller id=0] Currently shutting brokers in the cluster: HashSet() (kafka.controller.KafkaController)
[2025-01-18 05:56:05,503] INFO [Controller id=0] Current list of topics in the cluster: HashSet() (kafka.controller.KafkaController)
[2025-01-18 05:56:05,503] INFO [Controller id=0] Fetching topic deletions in progress (kafka.controller.KafkaController)
[2025-01-18 05:56:05,506] INFO [Controller id=0] List of topics to be deleted:  (kafka.controller.KafkaController)
[2025-01-18 05:56:05,507] INFO [Controller id=0] List of topics ineligible for deletion:  (kafka.controller.KafkaController)
[2025-01-18 05:56:05,507] INFO [Controller id=0] Initializing topic deletion manager (kafka.controller.KafkaController)
[2025-01-18 05:56:05,508] INFO [Topic Deletion Manager 0] Initializing manager with initial deletions: Set(), initial ineligible deletions: HashSet() (kafka.controller.TopicDeletionManager)
[2025-01-18 05:56:05,509] INFO [Controller id=0] Sending update metadata request (kafka.controller.KafkaController)
[2025-01-18 05:56:05,521] INFO [ReplicaStateMachine controllerId=0] Initializing replica state (kafka.controller.ZkReplicaStateMachine)
[2025-01-18 05:56:05,522] INFO [ReplicaStateMachine controllerId=0] Triggering online replica state changes (kafka.controller.ZkReplicaStateMachine)
[2025-01-18 05:56:05,529] INFO [ReplicaStateMachine controllerId=0] Triggering offline replica state changes (kafka.controller.ZkReplicaStateMachine)
[2025-01-18 05:56:05,529] DEBUG [ReplicaStateMachine controllerId=0] Started replica state machine with initial state -> HashMap() (kafka.controller.ZkReplicaStateMachine)
[2025-01-18 05:56:05,529] INFO [PartitionStateMachine controllerId=0] Initializing partition state (kafka.controller.ZkPartitionStateMachine)
[2025-01-18 05:56:05,530] INFO [PartitionStateMachine controllerId=0] Triggering online partition state changes (kafka.controller.ZkPartitionStateMachine)
[2025-01-18 05:56:05,533] DEBUG [PartitionStateMachine controllerId=0] Started partition state machine with initial state -> HashMap() (kafka.controller.ZkPartitionStateMachine)
[2025-01-18 05:56:05,533] INFO [Controller id=0] Ready to serve as the new controller with epoch 3 (kafka.controller.KafkaController)
[2025-01-18 05:56:05,534] WARN [RequestSendThread controllerId=0] Controller 0's connection to broker localhost:9092 (id: 0 rack: null) was unsuccessful (kafka.controller.RequestSendThread)
java.io.IOException: Connection to localhost:9092 (id: 0 rack: null) failed.
	at org.apache.kafka.clients.NetworkClientUtils.awaitReady(NetworkClientUtils.java:70)
	at kafka.controller.RequestSendThread.brokerReady(ControllerChannelManager.scala:298)
	at kafka.controller.RequestSendThread.doWork(ControllerChannelManager.scala:251)
	at org.apache.kafka.server.util.ShutdownableThread.run(ShutdownableThread.java:130)
[2025-01-18 05:56:05,540] INFO [Controller id=0] Partitions undergoing preferred replica election:  (kafka.controller.KafkaController)
[2025-01-18 05:56:05,540] INFO [Controller id=0] Partitions that completed preferred replica election:  (kafka.controller.KafkaController)
[2025-01-18 05:56:05,541] INFO [Controller id=0] Skipping preferred replica election for partitions due to topic deletion:  (kafka.controller.KafkaController)
[2025-01-18 05:56:05,541] INFO [Controller id=0] Resuming preferred replica election for partitions:  (kafka.controller.KafkaController)
[2025-01-18 05:56:05,542] INFO [Controller id=0] Starting replica leader election (PREFERRED) for partitions  triggered by ZkTriggered (kafka.controller.KafkaController)
[2025-01-18 05:56:05,552] INFO [Controller id=0] Starting the controller scheduler (kafka.controller.KafkaController)
[2025-01-18 05:56:05,639] INFO [RequestSendThread controllerId=0] Controller 0 connected to localhost:9092 (id: 0 rack: null) for sending state change requests (kafka.controller.RequestSendThread)
[2025-01-18 05:56:10,554] INFO [Controller id=0] Processing automatic preferred replica leader election (kafka.controller.KafkaController)
[2025-01-18 05:56:10,555] TRACE [Controller id=0] Checking need to trigger auto leader balancing (kafka.controller.KafkaController)
